Determining if the Q_WS_WIN exist failed with the following output:
Change Dir: /home/agirdhar6/OpenFOAM/OpenFOAM-6-cantera/applications/utilities/postProcessing/graphics/PVReaders/PVFoamReader/Make/linux64GccDPInt32Opt/CMakeFiles/CMakeTmp

Run Build Command:"/usr/bin/make" "cmTC_6f066/fast"
make[3]: Entering directory '/home/agirdhar6/OpenFOAM/OpenFOAM-6-cantera/applications/utilities/postProcessing/graphics/PVReaders/PVFoamReader/Make/linux64GccDPInt32Opt/CMakeFiles/CMakeTmp'
/usr/bin/make -f CMakeFiles/cmTC_6f066.dir/build.make CMakeFiles/cmTC_6f066.dir/build
make[4]: Entering directory '/home/agirdhar6/OpenFOAM/OpenFOAM-6-cantera/applications/utilities/postProcessing/graphics/PVReaders/PVFoamReader/Make/linux64GccDPInt32Opt/CMakeFiles/CMakeTmp'
Building CXX object CMakeFiles/cmTC_6f066.dir/CheckSymbolExists.cxx.o
/usr/bin/g++    -I/usr/include/qt4   -o CMakeFiles/cmTC_6f066.dir/CheckSymbolExists.cxx.o -c /home/agirdhar6/OpenFOAM/OpenFOAM-6-cantera/applications/utilities/postProcessing/graphics/PVReaders/PVFoamReader/Make/linux64GccDPInt32Opt/CMakeFiles/CMakeTmp/CheckSymbolExists.cxx
/home/agirdhar6/OpenFOAM/OpenFOAM-6-cantera/applications/utilities/postProcessing/graphics/PVReaders/PVFoamReader/Make/linux64GccDPInt32Opt/CMakeFiles/CMakeTmp/CheckSymbolExists.cxx: In function ‘int main(int, char**)’:
/home/agirdhar6/OpenFOAM/OpenFOAM-6-cantera/applications/utilities/postProcessing/graphics/PVReaders/PVFoamReader/Make/linux64GccDPInt32Opt/CMakeFiles/CMakeTmp/CheckSymbolExists.cxx:8:19: error: ‘Q_WS_WIN’ was not declared in this scope
   return ((int*)(&Q_WS_WIN))[argc];
                   ^
CMakeFiles/cmTC_6f066.dir/build.make:65: recipe for target 'CMakeFiles/cmTC_6f066.dir/CheckSymbolExists.cxx.o' failed
make[4]: *** [CMakeFiles/cmTC_6f066.dir/CheckSymbolExists.cxx.o] Error 1
make[4]: Leaving directory '/home/agirdhar6/OpenFOAM/OpenFOAM-6-cantera/applications/utilities/postProcessing/graphics/PVReaders/PVFoamReader/Make/linux64GccDPInt32Opt/CMakeFiles/CMakeTmp'
Makefile:126: recipe for target 'cmTC_6f066/fast' failed
make[3]: *** [cmTC_6f066/fast] Error 2
make[3]: Leaving directory '/home/agirdhar6/OpenFOAM/OpenFOAM-6-cantera/applications/utilities/postProcessing/graphics/PVReaders/PVFoamReader/Make/linux64GccDPInt32Opt/CMakeFiles/CMakeTmp'

File /home/agirdhar6/OpenFOAM/OpenFOAM-6-cantera/applications/utilities/postProcessing/graphics/PVReaders/PVFoamReader/Make/linux64GccDPInt32Opt/CMakeFiles/CMakeTmp/CheckSymbolExists.cxx:
/* */
#include <QtCore/qglobal.h>

int main(int argc, char** argv)
{
  (void)argv;
#ifndef Q_WS_WIN
  return ((int*)(&Q_WS_WIN))[argc];
#else
  (void)argc;
  return 0;
#endif
}

Determining if the Q_WS_QWS exist failed with the following output:
Change Dir: /home/agirdhar6/OpenFOAM/OpenFOAM-6-cantera/applications/utilities/postProcessing/graphics/PVReaders/PVFoamReader/Make/linux64GccDPInt32Opt/CMakeFiles/CMakeTmp

Run Build Command:"/usr/bin/make" "cmTC_07098/fast"
make[3]: Entering directory '/home/agirdhar6/OpenFOAM/OpenFOAM-6-cantera/applications/utilities/postProcessing/graphics/PVReaders/PVFoamReader/Make/linux64GccDPInt32Opt/CMakeFiles/CMakeTmp'
/usr/bin/make -f CMakeFiles/cmTC_07098.dir/build.make CMakeFiles/cmTC_07098.dir/build
make[4]: Entering directory '/home/agirdhar6/OpenFOAM/OpenFOAM-6-cantera/applications/utilities/postProcessing/graphics/PVReaders/PVFoamReader/Make/linux64GccDPInt32Opt/CMakeFiles/CMakeTmp'
Building CXX object CMakeFiles/cmTC_07098.dir/CheckSymbolExists.cxx.o
/usr/bin/g++    -I/usr/include/qt4   -o CMakeFiles/cmTC_07098.dir/CheckSymbolExists.cxx.o -c /home/agirdhar6/OpenFOAM/OpenFOAM-6-cantera/applications/utilities/postProcessing/graphics/PVReaders/PVFoamReader/Make/linux64GccDPInt32Opt/CMakeFiles/CMakeTmp/CheckSymbolExists.cxx
/home/agirdhar6/OpenFOAM/OpenFOAM-6-cantera/applications/utilities/postProcessing/graphics/PVReaders/PVFoamReader/Make/linux64GccDPInt32Opt/CMakeFiles/CMakeTmp/CheckSymbolExists.cxx: In function ‘int main(int, char**)’:
/home/agirdhar6/OpenFOAM/OpenFOAM-6-cantera/applications/utilities/postProcessing/graphics/PVReaders/PVFoamReader/Make/linux64GccDPInt32Opt/CMakeFiles/CMakeTmp/CheckSymbolExists.cxx:8:19: error: ‘Q_WS_QWS’ was not declared in this scope
   return ((int*)(&Q_WS_QWS))[argc];
                   ^
CMakeFiles/cmTC_07098.dir/build.make:65: recipe for target 'CMakeFiles/cmTC_07098.dir/CheckSymbolExists.cxx.o' failed
make[4]: *** [CMakeFiles/cmTC_07098.dir/CheckSymbolExists.cxx.o] Error 1
make[4]: Leaving directory '/home/agirdhar6/OpenFOAM/OpenFOAM-6-cantera/applications/utilities/postProcessing/graphics/PVReaders/PVFoamReader/Make/linux64GccDPInt32Opt/CMakeFiles/CMakeTmp'
Makefile:126: recipe for target 'cmTC_07098/fast' failed
make[3]: *** [cmTC_07098/fast] Error 2
make[3]: Leaving directory '/home/agirdhar6/OpenFOAM/OpenFOAM-6-cantera/applications/utilities/postProcessing/graphics/PVReaders/PVFoamReader/Make/linux64GccDPInt32Opt/CMakeFiles/CMakeTmp'

File /home/agirdhar6/OpenFOAM/OpenFOAM-6-cantera/applications/utilities/postProcessing/graphics/PVReaders/PVFoamReader/Make/linux64GccDPInt32Opt/CMakeFiles/CMakeTmp/CheckSymbolExists.cxx:
/* */
#include <QtCore/qglobal.h>

int main(int argc, char** argv)
{
  (void)argv;
#ifndef Q_WS_QWS
  return ((int*)(&Q_WS_QWS))[argc];
#else
  (void)argc;
  return 0;
#endif
}

Determining if the Q_WS_MAC exist failed with the following output:
Change Dir: /home/agirdhar6/OpenFOAM/OpenFOAM-6-cantera/applications/utilities/postProcessing/graphics/PVReaders/PVFoamReader/Make/linux64GccDPInt32Opt/CMakeFiles/CMakeTmp

Run Build Command:"/usr/bin/make" "cmTC_4a104/fast"
make[3]: Entering directory '/home/agirdhar6/OpenFOAM/OpenFOAM-6-cantera/applications/utilities/postProcessing/graphics/PVReaders/PVFoamReader/Make/linux64GccDPInt32Opt/CMakeFiles/CMakeTmp'
/usr/bin/make -f CMakeFiles/cmTC_4a104.dir/build.make CMakeFiles/cmTC_4a104.dir/build
make[4]: Entering directory '/home/agirdhar6/OpenFOAM/OpenFOAM-6-cantera/applications/utilities/postProcessing/graphics/PVReaders/PVFoamReader/Make/linux64GccDPInt32Opt/CMakeFiles/CMakeTmp'
Building CXX object CMakeFiles/cmTC_4a104.dir/CheckSymbolExists.cxx.o
/usr/bin/g++    -I/usr/include/qt4   -o CMakeFiles/cmTC_4a104.dir/CheckSymbolExists.cxx.o -c /home/agirdhar6/OpenFOAM/OpenFOAM-6-cantera/applications/utilities/postProcessing/graphics/PVReaders/PVFoamReader/Make/linux64GccDPInt32Opt/CMakeFiles/CMakeTmp/CheckSymbolExists.cxx
/home/agirdhar6/OpenFOAM/OpenFOAM-6-cantera/applications/utilities/postProcessing/graphics/PVReaders/PVFoamReader/Make/linux64GccDPInt32Opt/CMakeFiles/CMakeTmp/CheckSymbolExists.cxx: In function ‘int main(int, char**)’:
/home/agirdhar6/OpenFOAM/OpenFOAM-6-cantera/applications/utilities/postProcessing/graphics/PVReaders/PVFoamReader/Make/linux64GccDPInt32Opt/CMakeFiles/CMakeTmp/CheckSymbolExists.cxx:8:19: error: ‘Q_WS_MAC’ was not declared in this scope
   return ((int*)(&Q_WS_MAC))[argc];
                   ^
CMakeFiles/cmTC_4a104.dir/build.make:65: recipe for target 'CMakeFiles/cmTC_4a104.dir/CheckSymbolExists.cxx.o' failed
make[4]: *** [CMakeFiles/cmTC_4a104.dir/CheckSymbolExists.cxx.o] Error 1
make[4]: Leaving directory '/home/agirdhar6/OpenFOAM/OpenFOAM-6-cantera/applications/utilities/postProcessing/graphics/PVReaders/PVFoamReader/Make/linux64GccDPInt32Opt/CMakeFiles/CMakeTmp'
Makefile:126: recipe for target 'cmTC_4a104/fast' failed
make[3]: *** [cmTC_4a104/fast] Error 2
make[3]: Leaving directory '/home/agirdhar6/OpenFOAM/OpenFOAM-6-cantera/applications/utilities/postProcessing/graphics/PVReaders/PVFoamReader/Make/linux64GccDPInt32Opt/CMakeFiles/CMakeTmp'

File /home/agirdhar6/OpenFOAM/OpenFOAM-6-cantera/applications/utilities/postProcessing/graphics/PVReaders/PVFoamReader/Make/linux64GccDPInt32Opt/CMakeFiles/CMakeTmp/CheckSymbolExists.cxx:
/* */
#include <QtCore/qglobal.h>

int main(int argc, char** argv)
{
  (void)argv;
#ifndef Q_WS_MAC
  return ((int*)(&Q_WS_MAC))[argc];
#else
  (void)argc;
  return 0;
#endif
}

